Mplus VERSION 8.5 (Mac)
MUTHEN & MUTHEN
05/19/2021   5:31 PM

INPUT INSTRUCTIONS

  TITLE: 		Crosstabs				! Descriptive title

  DATA: 		FILE = NLSYPSIDbpi.dat ;		! No path needed if files are in same folder

  VARIABLE:	NAMES = subgroup
  					        bpi8 bpi10 bpi11
  					        bpi12 bpi14 bpi16
                    childid ;            	! All variables in raw DATA file

  	USEVARIABLES = subgroup
  					        bpi8 bpi10 bpi11
  					        bpi12 bpi14 bpi16 ;
   			    CATEGORICAL = subgroup
   						  bpi8 bpi10 bpi11
  						  bpi12 bpi14 bpi16 ; ! Categorical items for crosstabs

  ANALYSIS: TYPE = BASIC ;

  OUTPUT:   CROSSTABS  ;







INPUT READING TERMINATED NORMALLY



Crosstabs

SUMMARY OF ANALYSIS

Number of groups                                                 1
Number of observations                                       12971

Number of dependent variables                                    7
Number of independent variables                                  0
Number of continuous latent variables                            0

Observed dependent variables

  Binary and ordered categorical (ordinal)
   SUBGROUP    BPI8        BPI10       BPI11       BPI12       BPI14
   BPI16


Estimator                                                    WLSMV
Maximum number of iterations                                  1000
Convergence criterion                                    0.500D-04
Maximum number of steepest descent iterations                   20
Parameterization                                             DELTA
Link                                                        PROBIT

Input data file(s)
  NLSYPSIDbpi.dat

Input data format  FREE


UNIVARIATE PROPORTIONS AND COUNTS FOR CATEGORICAL VARIABLES

    SUBGROUP
      Category 1    0.086         1112.000
      Category 2    0.166         2158.000
      Category 3    0.254         3294.000
      Category 4    0.075          977.000
      Category 5    0.166         2149.000
      Category 6    0.253         3281.000
    BPI8
      Category 1    0.428         5557.000
      Category 2    0.430         5582.000
      Category 3    0.141         1832.000
    BPI10
      Category 1    0.530         6880.000
      Category 2    0.399         5177.000
      Category 3    0.070          914.000
    BPI11
      Category 1    0.626         8123.000
      Category 2    0.297         3852.000
      Category 3    0.077          996.000
    BPI12
      Category 1    0.584         7573.000
      Category 2    0.323         4188.000
      Category 3    0.093         1210.000
    BPI14
      Category 1    0.526         6825.000
      Category 2    0.414         5372.000
      Category 3    0.060          774.000
    BPI16
      Category 1    0.576         7471.000
      Category 2    0.317         4110.000
      Category 3    0.107         1390.000



CROSSTABS FOR CATEGORICAL VARIABLES

SUBGROUP AND BPI8

             BPI8            0        1        2    Total
SUBGROUP  0  Count         482      475      155     1112
             % Row       43.3%    42.7%    13.9%   100.0%
             % Column     8.7%     8.5%     8.5%     8.6%
             % Total      3.7%     3.7%     1.2%     8.6%
          1  Count        1070      803      285     2158
             % Row       49.6%    37.2%    13.2%   100.0%
             % Column    19.3%    14.4%    15.6%    16.6%
             % Total      8.2%     6.2%     2.2%    16.6%
          2  Count        1218     1572      504     3294
             % Row       37.0%    47.7%    15.3%   100.0%
             % Column    21.9%    28.2%    27.5%    25.4%
             % Total      9.4%    12.1%     3.9%    25.4%
          3  Count         418      430      129      977
             % Row       42.8%    44.0%    13.2%   100.0%
             % Column     7.5%     7.7%     7.0%     7.5%
             % Total      3.2%     3.3%     1.0%     7.5%
          4  Count        1082      803      264     2149
             % Row       50.3%    37.4%    12.3%   100.0%
             % Column    19.5%    14.4%    14.4%    16.6%
             % Total      8.3%     6.2%     2.0%    16.6%
          5  Count        1287     1499      495     3281
             % Row       39.2%    45.7%    15.1%   100.0%
             % Column    23.2%    26.9%    27.0%    25.3%
             % Total      9.9%    11.6%     3.8%    25.3%
Total        Count        5557     5582     1832    12971
             % Row       42.8%    43.0%    14.1%   100.0%
             % Column   100.0%   100.0%   100.0%   100.0%
             % Total     42.8%    43.0%    14.1%   100.0%

SUBGROUP AND BPI10

             BPI10           0        1        2    Total
SUBGROUP  0  Count         630      410       72     1112
             % Row       56.7%    36.9%     6.5%   100.0%
             % Column     9.2%     7.9%     7.9%     8.6%
             % Total      4.9%     3.2%     0.6%     8.6%
          1  Count        1160      813      185     2158
             % Row       53.8%    37.7%     8.6%   100.0%
             % Column    16.9%    15.7%    20.2%    16.6%
             % Total      8.9%     6.3%     1.4%    16.6%
          2  Count        1638     1412      244     3294
             % Row       49.7%    42.9%     7.4%   100.0%
             % Column    23.8%    27.3%    26.7%    25.4%
             % Total     12.6%    10.9%     1.9%    25.4%
          3  Count         600      320       57      977
             % Row       61.4%    32.8%     5.8%   100.0%
             % Column     8.7%     6.2%     6.2%     7.5%
             % Total      4.6%     2.5%     0.4%     7.5%
          4  Count        1227      762      160     2149
             % Row       57.1%    35.5%     7.4%   100.0%
             % Column    17.8%    14.7%    17.5%    16.6%
             % Total      9.5%     5.9%     1.2%    16.6%
          5  Count        1625     1460      196     3281
             % Row       49.5%    44.5%     6.0%   100.0%
             % Column    23.6%    28.2%    21.4%    25.3%
             % Total     12.5%    11.3%     1.5%    25.3%
Total        Count        6880     5177      914    12971
             % Row       53.0%    39.9%     7.0%   100.0%
             % Column   100.0%   100.0%   100.0%   100.0%
             % Total     53.0%    39.9%     7.0%   100.0%

BPI8 AND BPI10

             BPI10           0        1        2    Total
BPI8      0  Count        4206     1242      109     5557
             % Row       75.7%    22.4%     2.0%   100.0%
             % Column    61.1%    24.0%    11.9%    42.8%
             % Total     32.4%     9.6%     0.8%    42.8%
          1  Count        2360     2948      274     5582
             % Row       42.3%    52.8%     4.9%   100.0%
             % Column    34.3%    56.9%    30.0%    43.0%
             % Total     18.2%    22.7%     2.1%    43.0%
          2  Count         314      987      531     1832
             % Row       17.1%    53.9%    29.0%   100.0%
             % Column     4.6%    19.1%    58.1%    14.1%
             % Total      2.4%     7.6%     4.1%    14.1%
Total        Count        6880     5177      914    12971
             % Row       53.0%    39.9%     7.0%   100.0%
             % Column   100.0%   100.0%   100.0%   100.0%
             % Total     53.0%    39.9%     7.0%   100.0%

SUBGROUP AND BPI11

             BPI11           0        1        2    Total
SUBGROUP  0  Count         651      367       94     1112
             % Row       58.5%    33.0%     8.5%   100.0%
             % Column     8.0%     9.5%     9.4%     8.6%
             % Total      5.0%     2.8%     0.7%     8.6%
          1  Count        1310      638      210     2158
             % Row       60.7%    29.6%     9.7%   100.0%
             % Column    16.1%    16.6%    21.1%    16.6%
             % Total     10.1%     4.9%     1.6%    16.6%
          2  Count        1855     1146      293     3294
             % Row       56.3%    34.8%     8.9%   100.0%
             % Column    22.8%    29.8%    29.4%    25.4%
             % Total     14.3%     8.8%     2.3%    25.4%
          3  Count         654      244       79      977
             % Row       66.9%    25.0%     8.1%   100.0%
             % Column     8.1%     6.3%     7.9%     7.5%
             % Total      5.0%     1.9%     0.6%     7.5%
          4  Count        1483      514      152     2149
             % Row       69.0%    23.9%     7.1%   100.0%
             % Column    18.3%    13.3%    15.3%    16.6%
             % Total     11.4%     4.0%     1.2%    16.6%
          5  Count        2170      943      168     3281
             % Row       66.1%    28.7%     5.1%   100.0%
             % Column    26.7%    24.5%    16.9%    25.3%
             % Total     16.7%     7.3%     1.3%    25.3%
Total        Count        8123     3852      996    12971
             % Row       62.6%    29.7%     7.7%   100.0%
             % Column   100.0%   100.0%   100.0%   100.0%
             % Total     62.6%    29.7%     7.7%   100.0%

BPI8 AND BPI11

             BPI11           0        1        2    Total
BPI8      0  Count        4663      790      104     5557
             % Row       83.9%    14.2%     1.9%   100.0%
             % Column    57.4%    20.5%    10.4%    42.8%
             % Total     35.9%     6.1%     0.8%    42.8%
          1  Count        2988     2294      300     5582
             % Row       53.5%    41.1%     5.4%   100.0%
             % Column    36.8%    59.6%    30.1%    43.0%
             % Total     23.0%    17.7%     2.3%    43.0%
          2  Count         472      768      592     1832
             % Row       25.8%    41.9%    32.3%   100.0%
             % Column     5.8%    19.9%    59.4%    14.1%
             % Total      3.6%     5.9%     4.6%    14.1%
Total        Count        8123     3852      996    12971
             % Row       62.6%    29.7%     7.7%   100.0%
             % Column   100.0%   100.0%   100.0%   100.0%
             % Total     62.6%    29.7%     7.7%   100.0%

BPI10 AND BPI11

             BPI11           0        1        2    Total
BPI10     0  Count        5697     1085       98     6880
             % Row       82.8%    15.8%     1.4%   100.0%
             % Column    70.1%    28.2%     9.8%    53.0%
             % Total     43.9%     8.4%     0.8%    53.0%
          1  Count        2311     2488      378     5177
             % Row       44.6%    48.1%     7.3%   100.0%
             % Column    28.5%    64.6%    38.0%    39.9%
             % Total     17.8%    19.2%     2.9%    39.9%
          2  Count         115      279      520      914
             % Row       12.6%    30.5%    56.9%   100.0%
             % Column     1.4%     7.2%    52.2%     7.0%
             % Total      0.9%     2.2%     4.0%     7.0%
Total        Count        8123     3852      996    12971
             % Row       62.6%    29.7%     7.7%   100.0%
             % Column   100.0%   100.0%   100.0%   100.0%
             % Total     62.6%    29.7%     7.7%   100.0%

SUBGROUP AND BPI12

             BPI12           0        1        2    Total
SUBGROUP  0  Count         596      392      124     1112
             % Row       53.6%    35.3%    11.2%   100.0%
             % Column     7.9%     9.4%    10.2%     8.6%
             % Total      4.6%     3.0%     1.0%     8.6%
          1  Count         996      857      305     2158
             % Row       46.2%    39.7%    14.1%   100.0%
             % Column    13.2%    20.5%    25.2%    16.6%
             % Total      7.7%     6.6%     2.4%    16.6%
          2  Count        1748     1170      376     3294
             % Row       53.1%    35.5%    11.4%   100.0%
             % Column    23.1%    27.9%    31.1%    25.4%
             % Total     13.5%     9.0%     2.9%    25.4%
          3  Count         649      260       68      977
             % Row       66.4%    26.6%     7.0%   100.0%
             % Column     8.6%     6.2%     5.6%     7.5%
             % Total      5.0%     2.0%     0.5%     7.5%
          4  Count        1337      656      156     2149
             % Row       62.2%    30.5%     7.3%   100.0%
             % Column    17.7%    15.7%    12.9%    16.6%
             % Total     10.3%     5.1%     1.2%    16.6%
          5  Count        2247      853      181     3281
             % Row       68.5%    26.0%     5.5%   100.0%
             % Column    29.7%    20.4%    15.0%    25.3%
             % Total     17.3%     6.6%     1.4%    25.3%
Total        Count        7573     4188     1210    12971
             % Row       58.4%    32.3%     9.3%   100.0%
             % Column   100.0%   100.0%   100.0%   100.0%
             % Total     58.4%    32.3%     9.3%   100.0%

BPI8 AND BPI12

             BPI12           0        1        2    Total
BPI8      0  Count        4015     1310      232     5557
             % Row       72.3%    23.6%     4.2%   100.0%
             % Column    53.0%    31.3%    19.2%    42.8%
             % Total     31.0%    10.1%     1.8%    42.8%
          1  Count        2926     2200      456     5582
             % Row       52.4%    39.4%     8.2%   100.0%
             % Column    38.6%    52.5%    37.7%    43.0%
             % Total     22.6%    17.0%     3.5%    43.0%
          2  Count         632      678      522     1832
             % Row       34.5%    37.0%    28.5%   100.0%
             % Column     8.3%    16.2%    43.1%    14.1%
             % Total      4.9%     5.2%     4.0%    14.1%
Total        Count        7573     4188     1210    12971
             % Row       58.4%    32.3%     9.3%   100.0%
             % Column   100.0%   100.0%   100.0%   100.0%
             % Total     58.4%    32.3%     9.3%   100.0%

BPI10 AND BPI12

             BPI12           0        1        2    Total
BPI10     0  Count        4838     1716      326     6880
             % Row       70.3%    24.9%     4.7%   100.0%
             % Column    63.9%    41.0%    26.9%    53.0%
             % Total     37.3%    13.2%     2.5%    53.0%
          1  Count        2472     2147      558     5177
             % Row       47.7%    41.5%    10.8%   100.0%
             % Column    32.6%    51.3%    46.1%    39.9%
             % Total     19.1%    16.6%     4.3%    39.9%
          2  Count         263      325      326      914
             % Row       28.8%    35.6%    35.7%   100.0%
             % Column     3.5%     7.8%    26.9%     7.0%
             % Total      2.0%     2.5%     2.5%     7.0%
Total        Count        7573     4188     1210    12971
             % Row       58.4%    32.3%     9.3%   100.0%
             % Column   100.0%   100.0%   100.0%   100.0%
             % Total     58.4%    32.3%     9.3%   100.0%

BPI11 AND BPI12

             BPI12           0        1        2    Total
BPI11     0  Count        5503     2186      434     8123
             % Row       67.7%    26.9%     5.3%   100.0%
             % Column    72.7%    52.2%    35.9%    62.6%
             % Total     42.4%    16.9%     3.3%    62.6%
          1  Count        1782     1638      432     3852
             % Row       46.3%    42.5%    11.2%   100.0%
             % Column    23.5%    39.1%    35.7%    29.7%
             % Total     13.7%    12.6%     3.3%    29.7%
          2  Count         288      364      344      996
             % Row       28.9%    36.5%    34.5%   100.0%
             % Column     3.8%     8.7%    28.4%     7.7%
             % Total      2.2%     2.8%     2.7%     7.7%
Total        Count        7573     4188     1210    12971
             % Row       58.4%    32.3%     9.3%   100.0%
             % Column   100.0%   100.0%   100.0%   100.0%
             % Total     58.4%    32.3%     9.3%   100.0%

SUBGROUP AND BPI14

             BPI14           0        1        2    Total
SUBGROUP  0  Count         606      437       69     1112
             % Row       54.5%    39.3%     6.2%   100.0%
             % Column     8.9%     8.1%     8.9%     8.6%
             % Total      4.7%     3.4%     0.5%     8.6%
          1  Count        1041      960      157     2158
             % Row       48.2%    44.5%     7.3%   100.0%
             % Column    15.3%    17.9%    20.3%    16.6%
             % Total      8.0%     7.4%     1.2%    16.6%
          2  Count        1442     1595      257     3294
             % Row       43.8%    48.4%     7.8%   100.0%
             % Column    21.1%    29.7%    33.2%    25.4%
             % Total     11.1%    12.3%     2.0%    25.4%
          3  Count         625      306       46      977
             % Row       64.0%    31.3%     4.7%   100.0%
             % Column     9.2%     5.7%     5.9%     7.5%
             % Total      4.8%     2.4%     0.4%     7.5%
          4  Count        1311      743       95     2149
             % Row       61.0%    34.6%     4.4%   100.0%
             % Column    19.2%    13.8%    12.3%    16.6%
             % Total     10.1%     5.7%     0.7%    16.6%
          5  Count        1800     1331      150     3281
             % Row       54.9%    40.6%     4.6%   100.0%
             % Column    26.4%    24.8%    19.4%    25.3%
             % Total     13.9%    10.3%     1.2%    25.3%
Total        Count        6825     5372      774    12971
             % Row       52.6%    41.4%     6.0%   100.0%
             % Column   100.0%   100.0%   100.0%   100.0%
             % Total     52.6%    41.4%     6.0%   100.0%

BPI8 AND BPI14

             BPI14           0        1        2    Total
BPI8      0  Count        4001     1444      112     5557
             % Row       72.0%    26.0%     2.0%   100.0%
             % Column    58.6%    26.9%    14.5%    42.8%
             % Total     30.8%    11.1%     0.9%    42.8%
          1  Count        2385     2954      243     5582
             % Row       42.7%    52.9%     4.4%   100.0%
             % Column    34.9%    55.0%    31.4%    43.0%
             % Total     18.4%    22.8%     1.9%    43.0%
          2  Count         439      974      419     1832
             % Row       24.0%    53.2%    22.9%   100.0%
             % Column     6.4%    18.1%    54.1%    14.1%
             % Total      3.4%     7.5%     3.2%    14.1%
Total        Count        6825     5372      774    12971
             % Row       52.6%    41.4%     6.0%   100.0%
             % Column   100.0%   100.0%   100.0%   100.0%
             % Total     52.6%    41.4%     6.0%   100.0%

BPI10 AND BPI14

             BPI14           0        1        2    Total
BPI10     0  Count        4733     1989      158     6880
             % Row       68.8%    28.9%     2.3%   100.0%
             % Column    69.3%    37.0%    20.4%    53.0%
             % Total     36.5%    15.3%     1.2%    53.0%
          1  Count        1888     2962      327     5177
             % Row       36.5%    57.2%     6.3%   100.0%
             % Column    27.7%    55.1%    42.2%    39.9%
             % Total     14.6%    22.8%     2.5%    39.9%
          2  Count         204      421      289      914
             % Row       22.3%    46.1%    31.6%   100.0%
             % Column     3.0%     7.8%    37.3%     7.0%
             % Total      1.6%     3.2%     2.2%     7.0%
Total        Count        6825     5372      774    12971
             % Row       52.6%    41.4%     6.0%   100.0%
             % Column   100.0%   100.0%   100.0%   100.0%
             % Total     52.6%    41.4%     6.0%   100.0%

BPI11 AND BPI14

             BPI14           0        1        2    Total
BPI11     0  Count        5285     2643      195     8123
             % Row       65.1%    32.5%     2.4%   100.0%
             % Column    77.4%    49.2%    25.2%    62.6%
             % Total     40.7%    20.4%     1.5%    62.6%
          1  Count        1336     2253      263     3852
             % Row       34.7%    58.5%     6.8%   100.0%
             % Column    19.6%    41.9%    34.0%    29.7%
             % Total     10.3%    17.4%     2.0%    29.7%
          2  Count         204      476      316      996
             % Row       20.5%    47.8%    31.7%   100.0%
             % Column     3.0%     8.9%    40.8%     7.7%
             % Total      1.6%     3.7%     2.4%     7.7%
Total        Count        6825     5372      774    12971
             % Row       52.6%    41.4%     6.0%   100.0%
             % Column   100.0%   100.0%   100.0%   100.0%
             % Total     52.6%    41.4%     6.0%   100.0%

BPI12 AND BPI14

             BPI14           0        1        2    Total
BPI12     0  Count        5165     2280      128     7573
             % Row       68.2%    30.1%     1.7%   100.0%
             % Column    75.7%    42.4%    16.5%    58.4%
             % Total     39.8%    17.6%     1.0%    58.4%
          1  Count        1451     2500      237     4188
             % Row       34.6%    59.7%     5.7%   100.0%
             % Column    21.3%    46.5%    30.6%    32.3%
             % Total     11.2%    19.3%     1.8%    32.3%
          2  Count         209      592      409     1210
             % Row       17.3%    48.9%    33.8%   100.0%
             % Column     3.1%    11.0%    52.8%     9.3%
             % Total      1.6%     4.6%     3.2%     9.3%
Total        Count        6825     5372      774    12971
             % Row       52.6%    41.4%     6.0%   100.0%
             % Column   100.0%   100.0%   100.0%   100.0%
             % Total     52.6%    41.4%     6.0%   100.0%

SUBGROUP AND BPI16

             BPI16           0        1        2    Total
SUBGROUP  0  Count         580      383      149     1112
             % Row       52.2%    34.4%    13.4%   100.0%
             % Column     7.8%     9.3%    10.7%     8.6%
             % Total      4.5%     3.0%     1.1%     8.6%
          1  Count        1023      791      344     2158
             % Row       47.4%    36.7%    15.9%   100.0%
             % Column    13.7%    19.2%    24.7%    16.6%
             % Total      7.9%     6.1%     2.7%    16.6%
          2  Count        1750     1132      412     3294
             % Row       53.1%    34.4%    12.5%   100.0%
             % Column    23.4%    27.5%    29.6%    25.4%
             % Total     13.5%     8.7%     3.2%    25.4%
          3  Count         613      280       84      977
             % Row       62.7%    28.7%     8.6%   100.0%
             % Column     8.2%     6.8%     6.0%     7.5%
             % Total      4.7%     2.2%     0.6%     7.5%
          4  Count        1270      674      205     2149
             % Row       59.1%    31.4%     9.5%   100.0%
             % Column    17.0%    16.4%    14.7%    16.6%
             % Total      9.8%     5.2%     1.6%    16.6%
          5  Count        2235      850      196     3281
             % Row       68.1%    25.9%     6.0%   100.0%
             % Column    29.9%    20.7%    14.1%    25.3%
             % Total     17.2%     6.6%     1.5%    25.3%
Total        Count        7471     4110     1390    12971
             % Row       57.6%    31.7%    10.7%   100.0%
             % Column   100.0%   100.0%   100.0%   100.0%
             % Total     57.6%    31.7%    10.7%   100.0%

BPI8 AND BPI16

             BPI16           0        1        2    Total
BPI8      0  Count        4016     1230      311     5557
             % Row       72.3%    22.1%     5.6%   100.0%
             % Column    53.8%    29.9%    22.4%    42.8%
             % Total     31.0%     9.5%     2.4%    42.8%
          1  Count        2827     2204      551     5582
             % Row       50.6%    39.5%     9.9%   100.0%
             % Column    37.8%    53.6%    39.6%    43.0%
             % Total     21.8%    17.0%     4.2%    43.0%
          2  Count         628      676      528     1832
             % Row       34.3%    36.9%    28.8%   100.0%
             % Column     8.4%    16.4%    38.0%    14.1%
             % Total      4.8%     5.2%     4.1%    14.1%
Total        Count        7471     4110     1390    12971
             % Row       57.6%    31.7%    10.7%   100.0%
             % Column   100.0%   100.0%   100.0%   100.0%
             % Total     57.6%    31.7%    10.7%   100.0%

BPI10 AND BPI16

             BPI16           0        1        2    Total
BPI10     0  Count        4994     1563      323     6880
             % Row       72.6%    22.7%     4.7%   100.0%
             % Column    66.8%    38.0%    23.2%    53.0%
             % Total     38.5%    12.0%     2.5%    53.0%
          1  Count        2260     2269      648     5177
             % Row       43.7%    43.8%    12.5%   100.0%
             % Column    30.3%    55.2%    46.6%    39.9%
             % Total     17.4%    17.5%     5.0%    39.9%
          2  Count         217      278      419      914
             % Row       23.7%    30.4%    45.8%   100.0%
             % Column     2.9%     6.8%    30.1%     7.0%
             % Total      1.7%     2.1%     3.2%     7.0%
Total        Count        7471     4110     1390    12971
             % Row       57.6%    31.7%    10.7%   100.0%
             % Column   100.0%   100.0%   100.0%   100.0%
             % Total     57.6%    31.7%    10.7%   100.0%

BPI11 AND BPI16

             BPI16           0        1        2    Total
BPI11     0  Count        5594     2095      434     8123
             % Row       68.9%    25.8%     5.3%   100.0%
             % Column    74.9%    51.0%    31.2%    62.6%
             % Total     43.1%    16.2%     3.3%    62.6%
          1  Count        1634     1696      522     3852
             % Row       42.4%    44.0%    13.6%   100.0%
             % Column    21.9%    41.3%    37.6%    29.7%
             % Total     12.6%    13.1%     4.0%    29.7%
          2  Count         243      319      434      996
             % Row       24.4%    32.0%    43.6%   100.0%
             % Column     3.3%     7.8%    31.2%     7.7%
             % Total      1.9%     2.5%     3.3%     7.7%
Total        Count        7471     4110     1390    12971
             % Row       57.6%    31.7%    10.7%   100.0%
             % Column   100.0%   100.0%   100.0%   100.0%
             % Total     57.6%    31.7%    10.7%   100.0%

BPI12 AND BPI16

             BPI16           0        1        2    Total
BPI12     0  Count        5727     1578      268     7573
             % Row       75.6%    20.8%     3.5%   100.0%
             % Column    76.7%    38.4%    19.3%    58.4%
             % Total     44.2%    12.2%     2.1%    58.4%
          1  Count        1559     2130      499     4188
             % Row       37.2%    50.9%    11.9%   100.0%
             % Column    20.9%    51.8%    35.9%    32.3%
             % Total     12.0%    16.4%     3.8%    32.3%
          2  Count         185      402      623     1210
             % Row       15.3%    33.2%    51.5%   100.0%
             % Column     2.5%     9.8%    44.8%     9.3%
             % Total      1.4%     3.1%     4.8%     9.3%
Total        Count        7471     4110     1390    12971
             % Row       57.6%    31.7%    10.7%   100.0%
             % Column   100.0%   100.0%   100.0%   100.0%
             % Total     57.6%    31.7%    10.7%   100.0%

BPI14 AND BPI16

             BPI16           0        1        2    Total
BPI14     0  Count        5138     1387      300     6825
             % Row       75.3%    20.3%     4.4%   100.0%
             % Column    68.8%    33.7%    21.6%    52.6%
             % Total     39.6%    10.7%     2.3%    52.6%
          1  Count        2203     2466      703     5372
             % Row       41.0%    45.9%    13.1%   100.0%
             % Column    29.5%    60.0%    50.6%    41.4%
             % Total     17.0%    19.0%     5.4%    41.4%
          2  Count         130      257      387      774
             % Row       16.8%    33.2%    50.0%   100.0%
             % Column     1.7%     6.3%    27.8%     6.0%
             % Total      1.0%     2.0%     3.0%     6.0%
Total        Count        7471     4110     1390    12971
             % Row       57.6%    31.7%    10.7%   100.0%
             % Column   100.0%   100.0%   100.0%   100.0%
             % Total     57.6%    31.7%    10.7%   100.0%






RESULTS FOR BASIC ANALYSIS


     ESTIMATED SAMPLE STATISTICS


           MEANS/INTERCEPTS/THRESHOLDS
              SUBGROUP      SUBGROUP      SUBGROUP      SUBGROUP      SUBGROUP
              ________      ________      ________      ________      ________
               -1.368        -0.668         0.015         0.205         0.665


           MEANS/INTERCEPTS/THRESHOLDS
              BPI8$1        BPI8$2        BPI10$1       BPI10$2       BPI11$1
              ________      ________      ________      ________      ________
               -0.180         1.075         0.076         1.472         0.322


           MEANS/INTERCEPTS/THRESHOLDS
              BPI11$2       BPI12$1       BPI12$2       BPI14$1       BPI14$2
              ________      ________      ________      ________      ________
                1.427         0.212         1.321         0.066         1.558


           MEANS/INTERCEPTS/THRESHOLDS
              BPI16$1       BPI16$2
              ________      ________
                0.192         1.242


           CORRELATION MATRIX (WITH VARIANCES ON THE DIAGONAL)
              SUBGROUP      BPI8          BPI10         BPI11         BPI12
              ________      ________      ________      ________      ________
 SUBGROUP
 BPI8           0.029
 BPI10          0.015         0.581
 BPI11         -0.093         0.592         0.677
 BPI12         -0.186         0.399         0.406         0.399
 BPI14         -0.074         0.498         0.499         0.500         0.565
 BPI16         -0.180         0.392         0.491         0.471         0.630


           CORRELATION MATRIX (WITH VARIANCES ON THE DIAGONAL)
              BPI14         BPI16
              ________      ________
 BPI16          0.548


     STANDARD ERRORS FOR ESTIMATED SAMPLE STATISTICS


           S.E. FOR MEANS/INTERCEPTS/THRESHOLDS
              SUBGROUP      SUBGROUP      SUBGROUP      SUBGROUP      SUBGROUP
              ________      ________      ________      ________      ________
                0.016         0.012         0.011         0.011         0.012


           S.E. FOR MEANS/INTERCEPTS/THRESHOLDS
              BPI8$1        BPI8$2        BPI10$1       BPI10$2       BPI11$1
              ________      ________      ________      ________      ________
                0.011         0.014         0.011         0.017         0.011


           S.E. FOR MEANS/INTERCEPTS/THRESHOLDS
              BPI11$2       BPI12$1       BPI12$2       BPI14$1       BPI14$2
              ________      ________      ________      ________      ________
                0.016         0.011         0.015         0.011         0.018


           S.E. FOR MEANS/INTERCEPTS/THRESHOLDS
              BPI16$1       BPI16$2
              ________      ________
                0.011         0.015


           S.E. FOR CORRELATION MATRIX (WITH VARIANCES ON THE DIAGONAL)
              SUBGROUP      BPI8          BPI10         BPI11         BPI12
              ________      ________      ________      ________      ________
 SUBGROUP
 BPI8           0.010
 BPI10          0.011         0.007
 BPI11          0.011         0.008         0.007
 BPI12          0.011         0.010         0.010         0.010
 BPI14          0.011         0.008         0.009         0.009         0.008
 BPI16          0.011         0.010         0.009         0.009         0.007


           S.E. FOR CORRELATION MATRIX (WITH VARIANCES ON THE DIAGONAL)
              BPI14         BPI16
              ________      ________
 BPI16          0.008


     Beginning Time:  17:31:41
        Ending Time:  17:31:42
       Elapsed Time:  00:00:01



MUTHEN & MUTHEN
3463 Stoner Ave.
Los Angeles, CA  90066

Tel: (310) 391-9971
Fax: (310) 391-8971
Web: www.StatModel.com
Support: Support@StatModel.com

Copyright (c) 1998-2020 Muthen & Muthen
